<component name="libraryTable">
  <library name="junit-4.12">
    <CLASSES>
      <root url="jar://D:/maven/localRepo/junit/junit/4.12/junit-4.12.jar!/" />
      <root url="jar://D:/maven/localRepo/org/hamcrest/hamcrest-core/1.3/hamcrest-core-1.3.jar!/" />
      <root url="jar://D:/maven/localRepo/org/projectlombok/lombok/1.18.16/lombok-1.18.16.jar!/" />
      <root url="jar://D:/maven/localRepo/com/alibaba/fastjson/1.2.83/fastjson-1.2.83.jar!/" />
    </CLASSES>
    <JAVADOC />
    <SOURCES />
  </library>
</component>